<?xml version="1.0" encoding="UTF-8"?>
<testng-results ignored="0" total="1" passed="0" failed="1" skipped="0">
  <reporter-output>
  </reporter-output>
  <suite started-at="2022-10-28T16:52:10 IST" name="Default suite" finished-at="2022-10-28T16:52:12 IST" duration-ms="1270">
    <groups>
    </groups>
    <test started-at="2022-10-28T16:52:10 IST" name="Default test" finished-at="2022-10-28T16:52:12 IST" duration-ms="1270">
      <class name="com.marathon.testcases.TC001_CreateNewIncident">
        <test-method is-config="true" signature="setData()[pri:0, instance:com.marathon.testcases.TC001_CreateNewIncident@16eb3ea3]" started-at="2022-10-28T16:52:10 IST" name="setData" finished-at="2022-10-28T16:52:10 IST" duration-ms="16" status="PASS">
          <reporter-output>
          </reporter-output>
        </test-method> <!-- setData -->
        <test-method signature="runCreateNewIncident(java.lang.String)[pri:0, instance:com.marathon.testcases.TC001_CreateNewIncident@16eb3ea3]" started-at="2022-10-28T16:52:12 IST" name="runCreateNewIncident" data-provider="fetchData" finished-at="2022-10-28T16:52:12 IST" duration-ms="27" status="FAIL">
          <params>
            <param index="0">
              <value>
                <![CDATA[Created via Automation]]>
              </value>
            </param>
          </params>
          <exception class="java.lang.NullPointerException">
            <message>
              <![CDATA[Cannot invoke "org.openqa.selenium.chrome.ChromeDriver.findElement(org.openqa.selenium.By)" because "this.driver" is null]]>
            </message>
            <full-stacktrace>
              <![CDATA[java.lang.NullPointerException: Cannot invoke "org.openqa.selenium.chrome.ChromeDriver.findElement(org.openqa.selenium.By)" because "this.driver" is null
at com.marathon.pages.LoginPage.enterUserName(LoginPage.java:18)
at com.marathon.testcases.TC001_CreateNewIncident.runCreateNewIncident(TC001_CreateNewIncident.java:19)
at java.base/jdk.internal.reflect.NativeMethodAccessorImpl.invoke0(Native Method)
at java.base/jdk.internal.reflect.NativeMethodAccessorImpl.invoke(NativeMethodAccessorImpl.java:78)
at java.base/jdk.internal.reflect.DelegatingMethodAccessorImpl.invoke(DelegatingMethodAccessorImpl.java:43)
at java.base/java.lang.reflect.Method.invoke(Method.java:567)
at org.testng.internal.invokers.MethodInvocationHelper.invokeMethod(MethodInvocationHelper.java:139)
at org.testng.internal.invokers.TestInvoker.invokeMethod(TestInvoker.java:677)
at org.testng.internal.invokers.TestInvoker.invokeTestMethod(TestInvoker.java:221)
at org.testng.internal.invokers.MethodRunner.runInSequence(MethodRunner.java:50)
at org.testng.internal.invokers.TestInvoker$MethodInvocationAgent.invoke(TestInvoker.java:962)
at org.testng.internal.invokers.TestInvoker.invokeTestMethods(TestInvoker.java:194)
at org.testng.internal.invokers.TestMethodWorker.invokeTestMethods(TestMethodWorker.java:148)
at org.testng.internal.invokers.TestMethodWorker.run(TestMethodWorker.java:128)
at java.base/java.util.ArrayList.forEach(ArrayList.java:1511)
at org.testng.TestRunner.privateRun(TestRunner.java:806)
at org.testng.TestRunner.run(TestRunner.java:601)
at org.testng.SuiteRunner.runTest(SuiteRunner.java:433)
at org.testng.SuiteRunner.runSequentially(SuiteRunner.java:427)
at org.testng.SuiteRunner.privateRun(SuiteRunner.java:387)
at org.testng.SuiteRunner.run(SuiteRunner.java:330)
at org.testng.SuiteRunnerWorker.runSuite(SuiteRunnerWorker.java:52)
at org.testng.SuiteRunnerWorker.run(SuiteRunnerWorker.java:95)
at org.testng.TestNG.runSuitesSequentially(TestNG.java:1256)
at org.testng.TestNG.runSuitesLocally(TestNG.java:1176)
at org.testng.TestNG.runSuites(TestNG.java:1099)
at org.testng.TestNG.run(TestNG.java:1067)
at org.testng.remote.AbstractRemoteTestNG.run(AbstractRemoteTestNG.java:115)
at org.testng.remote.RemoteTestNG.initAndRun(RemoteTestNG.java:251)
at org.testng.remote.RemoteTestNG.main(RemoteTestNG.java:77)
]]>
            </full-stacktrace>
          </exception> <!-- java.lang.NullPointerException -->
          <reporter-output>
          </reporter-output>
        </test-method> <!-- runCreateNewIncident -->
      </class> <!-- com.marathon.testcases.TC001_CreateNewIncident -->
    </test> <!-- Default test -->
  </suite> <!-- Default suite -->
</testng-results>
